La génération a démarré 29/04/2016 12:03:01.
     1>Projet "C:\Users\Philoupe\Dropbox\workspace\C++\HelloKitti\TP_CV1\TP_CV1.vcxproj" sur le nœud 2 (Build cible(s)).
     1>ClCompile:
         C:\Program Files (x86)\Microsoft Visual Studio 12.0\VC\bin\CL.exe /c /ZI /nologo /W3 /WX- /sdl /Od /Oy- /D _MBCS /Gm /EHsc /RTC1 /MDd /GS /fp:precise /Zc:wchar_t /Zc:forScope /Fo"Debug\\" /Fd"Debug\vc120.pdb" /Gd /TP /analyze- /errorReport:prompt main2.cpp
         main2.cpp
     1>c:\users\philoupe\dropbox\workspace\c++\hellokitti\tp_cv1\main2.cpp(114): warning C4258: 'i' : définition provenant de la boucle for ignorée ; la définition provenant de la portée englobante est utilisée
                 c:\users\philoupe\dropbox\workspace\c++\hellokitti\tp_cv1\main2.cpp(95) : définition de 'i' ignorée
                 c:\users\philoupe\dropbox\workspace\c++\hellokitti\tp_cv1\main2.cpp(7) : définition de 'i' utilisée
     1>c:\users\philoupe\dropbox\workspace\c++\hellokitti\tp_cv1\main2.cpp(116): warning C4258: 'i' : définition provenant de la boucle for ignorée ; la définition provenant de la portée englobante est utilisée
                 c:\users\philoupe\dropbox\workspace\c++\hellokitti\tp_cv1\main2.cpp(95) : définition de 'i' ignorée
                 c:\users\philoupe\dropbox\workspace\c++\hellokitti\tp_cv1\main2.cpp(7) : définition de 'i' utilisée
     1>c:\users\philoupe\dropbox\workspace\c++\hellokitti\tp_cv1\main2.cpp(139): warning C4018: '<' : incompatibilité signed/unsigned
     1>c:\users\philoupe\dropbox\workspace\c++\hellokitti\tp_cv1\main2.cpp(145): warning C4018: '<' : incompatibilité signed/unsigned
     1>c:\users\philoupe\dropbox\workspace\c++\hellokitti\tp_cv1\main2.cpp(407): warning C4244: '=' : conversion de 'double' en 'float', perte possible de données
     1>c:\users\philoupe\dropbox\workspace\c++\hellokitti\tp_cv1\main2.cpp(410): warning C4244: '=' : conversion de 'double' en 'float', perte possible de données
     1>c:\users\philoupe\dropbox\workspace\c++\hellokitti\tp_cv1\main2.cpp(423): warning C4244: 'argument' : conversion de 'const float' en 'int', perte possible de données
     1>c:\users\philoupe\dropbox\workspace\c++\hellokitti\tp_cv1\main2.cpp(442): warning C4244: 'argument' : conversion de 'const float' en 'int', perte possible de données
     1>c:\users\philoupe\dropbox\workspace\c++\hellokitti\tp_cv1\main2.cpp(457): warning C4244: 'argument' : conversion de 'const float' en 'int', perte possible de données
       Link:
         C:\Program Files (x86)\Microsoft Visual Studio 12.0\VC\bin\link.exe /ERRORREPORT:PROMPT /OUT:"C:\Users\Philoupe\Dropbox\workspace\C++\HelloKitti\Debug\TP_CV1.exe" /INCREMENTAL /NOLOGO opencv_ts300d.lib opencv_world300d.lib kernel32.lib user32.lib gdi32.lib winspool.lib comdlg32.lib advapi32.lib shell32.lib ole32.lib oleaut32.lib uuid.lib odbc32.lib odbccp32.lib kernel32.lib user32.lib gdi32.lib winspool.lib comdlg32.lib advapi32.lib shell32.lib ole32.lib oleaut32.lib uuid.lib odbc32.lib odbccp32.lib /MANIFEST /MANIFESTUAC:"level='asInvoker' uiAccess='false'" /manifest:embed /DEBUG /PDB:"C:\Users\Philoupe\Dropbox\workspace\C++\HelloKitti\Debug\TP_CV1.pdb" /TLBID:1 /DYNAMICBASE /NXCOMPAT /IMPLIB:"C:\Users\Philoupe\Dropbox\workspace\C++\HelloKitti\Debug\TP_CV1.lib" /MACHINE:X86 Debug\main2.obj
         Debug\testColour.obj
         TP_CV1.vcxproj -> C:\Users\Philoupe\Dropbox\workspace\C++\HelloKitti\Debug\TP_CV1.exe
     1>Génération du projet "C:\Users\Philoupe\Dropbox\workspace\C++\HelloKitti\TP_CV1\TP_CV1.vcxproj" terminée (Build cible(s)).

La génération a réussi.

Temps écoulé 00:00:02.59
